Arguments: 
  C:\Program Files\nodejs\node.exe C:\Program Files (x86)\Yarn\bin\yarn.js add -D eslint eslint-plugin-import eslint-config-prettier eslint-plugin-prettier prettier

PATH: 
  C:\Windows\system32;C:\Windows;C:\Windows\System32\Wbem;C:\Windows\System32\WindowsPowerShell\v1.0\;C:\Windows\System32\OpenSSH\;C:\Program Files\nodejs\;C:\Program Files\Git\cmd;C:\Program Files (x86)\Yarn\bin\;C:\ProgramData\chocolatey\bin;;C:\Program Files\Docker\Docker\resources\bin;C:\ProgramData\DockerDesktop\version-bin;C:\Go\bin;C:\Users\Juan Felipe\AppData\Local\Programs\Python\Python39-32\Scripts\;C:\Users\Juan Felipe\AppData\Local\Programs\Python\Python39-32\;C:\Ruby26\bin;C:\Users\Juan Felipe\AppData\Local\Microsoft\WindowsApps;C:\Users\Juan Felipe\AppData\Local\Programs\Microsoft VS Code\bin;C:\Users\Juan Felipe\AppData\Roaming\npm;C:\Users\Juan Felipe\AppData\Local\Yarn\bin;C:\Program Files\Docker Toolbox;C:\Users\Juan Felipe\go\bin;C:\Users\Juan Felipe\.deno\bin;C:\Python38\Scripts

Yarn version: 
  1.19.2

Node version: 
  10.16.3

Platform: 
  win32 x64

Trace: 
  Error: EPERM: operation not permitted, mkdir 'C:\Users\Juan Felipe\Desktop\clone\node_modules\.bin'

npm manifest: 
  {
    "name": "clone",
    "version": "1.0.0",
    "description": "clone instagram",
    "main": "index.js",
    "author": "juanfelipeariastabares007@gmail.com",
    "license": "MIT",
    "dependencies": {
      "typescript": "^4.0.5"
    }
  }

yarn manifest: 
  No manifest

Lockfile: 
  # THIS IS AN AUTOGENERATED FILE. DO NOT EDIT THIS FILE DIRECTLY.
  # yarn lockfile v1
  
  
  typescript@^4.0.5:
    version "4.0.5"
    resolved "https://registry.yarnpkg.com/typescript/-/typescript-4.0.5.tgz#ae9dddfd1069f1cb5beb3ef3b2170dd7c1332389"
    integrity sha512-ywmr/VrTVCmNTJ6iV2LwIrfG1P+lv6luD8sUJs+2eI9NLGigaN+nUQc13iHqisq7bra9lnmUSYqbJvegraBOPQ==
